TN:
SF:src\app.js
FN:7,(anonymous_0)
FN:11,(anonymous_1)
FN:15,(anonymous_2)
FNF:3
FNH:3
FNDA:1,(anonymous_0)
FNDA:1,(anonymous_1)
FNDA:1,(anonymous_2)
DA:3,1
DA:4,1
DA:5,1
DA:7,1
DA:8,1
DA:11,1
DA:12,1
DA:15,1
DA:16,1
DA:17,1
DA:18,1
DA:23,1
LF:12
LH:12
BRF:0
BRH:0
end_of_record
TN:
SF:src\utils\calculator.js
FN:1,add
FN:4,subtract
FN:8,divide
FNF:3
FNH:3
FNDA:2,add
FNDA:1,subtract
FNDA:2,divide
DA:2,2
DA:5,1
DA:9,2
DA:10,1
DA:12,1
DA:15,1
LF:6
LH:6
BRDA:9,0,0,1
BRDA:9,0,1,1
BRF:2
BRH:2
end_of_record
